time <attribute 'day' of 'datetime.date' objects> <attribute 'hour' of 'datetime.datetime' objects>:0001-01-01 00:00:00main file: DDPG_main.pyplatform = Windows
episodes = 250
buffer size = 2000000
gamma = 0.95
tau = 0.001
learning rate actor = 0.0002
learning rate critic = 0.0002
device = cuda:0
learn every = 1
learn repeat x times = 1
(noise) sigma = 0.05
Score ([min, mean, max] over agents) for ep. 0: [0.00,0.06,0.3] 	T: 1:18(m:s)	Est remain: 5:24(h:m)
Score ([min, mean, max] over agents) for ep. 1: [0.00,0.19,0.8] 	T: 1:15(m:s)	Est remain: 5:13(h:m)
Score ([min, mean, max] over agents) for ep. 2: [0.00,0.41,1.6] 	T: 1:16(m:s)	Est remain: 5:15(h:m)
Score ([min, mean, max] over agents) for ep. 3: [0.00,0.43,1.6] 	T: 1:16(m:s)	Est remain: 5:12(h:m)
Score ([min, mean, max] over agents) for ep. 4: [0.00,0.51,1.9] 	T: 1:15(m:s)	Est remain: 5:09(h:m)
Score ([min, mean, max] over agents) for ep. 5: [0.00,0.16,1.3] 	T: 1:17(m:s)	Est remain: 5:13(h:m)
Score ([min, mean, max] over agents) for ep. 6: [0.00,0.24,1.5] 	T: 1:15(m:s)	Est remain: 5:05(h:m)
Score ([min, mean, max] over agents) for ep. 7: [0.00,0.10,0.8] 	T: 1:16(m:s)	Est remain: 5:08(h:m)
Score ([min, mean, max] over agents) for ep. 8: [0.00,0.19,0.6] 	T: 1:15(m:s)	Est remain: 5:03(h:m)
Score ([min, mean, max] over agents) for ep. 9: [0.00,0.07,0.5] 	T: 1:15(m:s)	Est remain: 5:03(h:m)
Score ([min, mean, max] over agents) for ep. 10: [0.00,0.04,0.4] 	T: 1:17(m:s)	Est remain: 5:06(h:m)
Score ([min, mean, max] over agents) for ep. 11: [0.00,0.14,0.6] 	T: 1:15(m:s)	Est remain: 4:58(h:m)
Score ([min, mean, max] over agents) for ep. 12: [0.00,0.23,0.8] 	T: 1:15(m:s)	Est remain: 4:59(h:m)
Score ([min, mean, max] over agents) for ep. 13: [0.00,0.37,1.7] 	T: 1:17(m:s)	Est remain: 5:04(h:m)
Score ([min, mean, max] over agents) for ep. 14: [0.00,0.37,1.1] 	T: 1:15(m:s)	Est remain: 4:56(h:m)
Score ([min, mean, max] over agents) for ep. 15: [0.00,0.51,3.9] 	T: 1:16(m:s)	Est remain: 4:59(h:m)
Score ([min, mean, max] over agents) for ep. 16: [0.00,0.27,0.6] 	T: 1:16(m:s)	Est remain: 4:55(h:m)
Score ([min, mean, max] over agents) for ep. 17: [0.00,0.21,1.0] 	T: 1:16(m:s)	Est remain: 4:54(h:m)
Score ([min, mean, max] over agents) for ep. 18: [0.00,0.03,0.2] 	T: 1:17(m:s)	Est remain: 4:59(h:m)
Score ([min, mean, max] over agents) for ep. 19: [0.00,0.01,0.2] 	T: 1:15(m:s)	Est remain: 4:50(h:m)
Score ([min, mean, max] over agents) for ep. 20: [0.00,0.38,0.9] 	T: 1:18(m:s)	Est remain: 4:59(h:m)
Score ([min, mean, max] over agents) for ep. 21: [0.00,0.38,1.4] 	T: 1:21(m:s)	Est remain: 5:08(h:m)
Score ([min, mean, max] over agents) for ep. 22: [0.00,0.17,0.4] 	T: 1:18(m:s)	Est remain: 4:57(h:m)