time <attribute 'day' of 'datetime.date' objects> <attribute 'hour' of 'datetime.datetime' objects>:0001-01-01 00:00:00main file: DDPG_main.pyplatform = Windows
episodes = 250
buffer size = 1000000
gamma = 0.99
tau = 0.001
learning rate actor = 0.001
learning rate critic = 0.001
device = cuda:0
learn every = 20
learn repeat x times = 200
(noise) sigma = 0.2
fc1,fc2 units = 400,300
 prior attempts used 128 fc1 and fc2 units
pre-fill the buffer with experiences from random actions
Score ([min, mean, max] over agents) for ep. 0: [0.00,0.28,1.4] 	T: 6:34(m:s)	Est remain: 27:23(h:m)
Score ([min, mean, max] over agents) for ep. 1: [0.00,0.72,1.9] 	T: 6:41(m:s)	Est remain: 27:45(h:m)
Score ([min, mean, max] over agents) for ep. 2: [0.23,1.02,2.3] 	T: 6:44(m:s)	Est remain: 27:48(h:m)
Score ([min, mean, max] over agents) for ep. 3: [0.00,0.22,0.8] 	T: 6:44(m:s)	Est remain: 27:43(h:m)
Score ([min, mean, max] over agents) for ep. 4: [0.00,0.02,0.1] 	T: 6:44(m:s)	Est remain: 27:34(h:m)
Score ([min, mean, max] over agents) for ep. 5: [0.00,0.00,0.1] 	T: 6:44(m:s)	Est remain: 27:28(h:m)