time <attribute 'day' of 'datetime.date' objects> <attribute 'hour' of 'datetime.datetime' objects>:0001-01-01 00:00:00
episodes = 250
buffer size = 100000
gamma = 0.95
tau = 0.001
learning rate actor = 0.001
learning rate critic = 0.001
device = cuda:0
learn every = 1
learn repeat x times = 2
(noise) sigma = 0.05
 (sigma was .2)
Score ([min, mean, max] over agents) for ep. 0: [0.00,0.43,1.1] 	T: 1:14(m:s)	Est remain: 5:07(h:m)
Score ([min, mean, max] over agents) for ep. 1: [0.00,0.69,2.2] 	T: 1:14(m:s)	Est remain: 5:08(h:m)
Score ([min, mean, max] over agents) for ep. 2: [0.00,0.65,1.3] 	T: 1:12(m:s)	Est remain: 4:58(h:m)
Score ([min, mean, max] over agents) for ep. 3: [0.00,0.09,0.6] 	T: 1:11(m:s)	Est remain: 4:53(h:m)
Score ([min, mean, max] over agents) for ep. 4: [0.00,0.13,0.5] 	T: 1:14(m:s)	Est remain: 5:05(h:m)
Score ([min, mean, max] over agents) for ep. 5: [0.00,0.07,0.2] 	T: 1:14(m:s)	Est remain: 5:03(h:m)
Score ([min, mean, max] over agents) for ep. 6: [0.00,0.00,0.0] 	T: 1:16(m:s)	Est remain: 5:08(h:m)
Score ([min, mean, max] over agents) for ep. 7: [0.00,0.23,0.4] 	T: 1:13(m:s)	Est remain: 4:56(h:m)
Score ([min, mean, max] over agents) for ep. 8: [0.00,0.06,0.2] 	T: 1:13(m:s)	Est remain: 4:55(h:m)
Score ([min, mean, max] over agents) for ep. 9: [0.00,0.11,1.1] 	T: 1:15(m:s)	Est remain: 5:03(h:m)
Score ([min, mean, max] over agents) for ep. 10: [0.00,0.02,0.2] 	T: 1:14(m:s)	Est remain: 4:55(h:m)
Score ([min, mean, max] over agents) for ep. 11: [0.00,0.02,0.1] 	T: 1:16(m:s)	Est remain: 5:03(h:m)
Score ([min, mean, max] over agents) for ep. 12: [0.00,0.00,0.1] 	T: 1:22(m:s)	Est remain: 5:27(h:m)
Score ([min, mean, max] over agents) for ep. 13: [0.00,0.04,0.1] 	T: 1:12(m:s)	Est remain: 4:43(h:m)
Score ([min, mean, max] over agents) for ep. 14: [0.00,0.05,0.4] 	T: 1:13(m:s)	Est remain: 4:47(h:m)
Score ([min, mean, max] over agents) for ep. 15: [0.00,0.01,0.1] 	T: 1:12(m:s)	Est remain: 4:40(h:m)
Score ([min, mean, max] over agents) for ep. 16: [0.00,0.05,0.4] 	T: 1:12(m:s)	Est remain: 4:41(h:m)
Score ([min, mean, max] over agents) for ep. 17: [0.00,0.07,0.4] 	T: 1:13(m:s)	Est remain: 4:43(h:m)
Score ([min, mean, max] over agents) for ep. 18: [0.00,0.03,0.1] 	T: 1:12(m:s)	Est remain: 4:37(h:m)
Score ([min, mean, max] over agents) for ep. 19: [0.00,0.03,0.1] 	T: 1:13(m:s)	Est remain: 4:41(h:m)
Score ([min, mean, max] over agents) for ep. 20: [0.00,0.01,0.1] 	T: 1:13(m:s)	Est remain: 4:41(h:m)
Score ([min, mean, max] over agents) for ep. 21: [0.00,0.07,0.3] 	T: 1:12(m:s)	Est remain: 4:35(h:m)
Score ([min, mean, max] over agents) for ep. 22: [0.00,0.01,0.1] 	T: 1:13(m:s)	Est remain: 4:38(h:m)
Score ([min, mean, max] over agents) for ep. 23: [0.00,0.01,0.1] 	T: 1:14(m:s)	Est remain: 4:39(h:m)