time <attribute 'day' of 'datetime.date' objects> <attribute 'hour' of 'datetime.datetime' objects>:0001-01-01 00:00:00
episodes = 250
buffer size = 1000000
gamma = 0.95
tau = 0.001
learning rate actor = 0.001
learning rate critic = 0.001
device = cuda:0
learn every = 1
learn repeat x times = 2
(noise) sigma = 0.05
 (last trial ended with all arms swinging in unison)
Score ([min, mean, max] over agents) for ep. 0: [0.00,0.64,2.1] 	T: 1:46(m:s)	Est remain: 7:20(h:m)
Score ([min, mean, max] over agents) for ep. 1: [0.00,0.33,1.0] 	T: 1:42(m:s)	Est remain: 7:04(h:m)
Score ([min, mean, max] over agents) for ep. 2: [0.00,0.17,0.5] 	T: 1:44(m:s)	Est remain: 7:09(h:m)
Score ([min, mean, max] over agents) for ep. 3: [0.14,0.86,2.0] 	T: 1:43(m:s)	Est remain: 7:04(h:m)
Score ([min, mean, max] over agents) for ep. 4: [0.00,0.65,1.3] 	T: 1:44(m:s)	Est remain: 7:05(h:m)
Score ([min, mean, max] over agents) for ep. 5: [0.00,0.42,1.2] 	T: 1:42(m:s)	Est remain: 6:57(h:m)
Score ([min, mean, max] over agents) for ep. 6: [0.00,0.52,1.6] 	T: 1:44(m:s)	Est remain: 7:04(h:m)
Score ([min, mean, max] over agents) for ep. 7: [0.00,0.61,1.7] 	T: 1:43(m:s)	Est remain: 6:57(h:m)
Score ([min, mean, max] over agents) for ep. 8: [0.00,0.65,2.1] 	T: 1:43(m:s)	Est remain: 6:56(h:m)
Score ([min, mean, max] over agents) for ep. 9: [0.05,0.55,1.3] 	T: 1:50(m:s)	Est remain: 7:21(h:m)
Score ([min, mean, max] over agents) for ep. 10: [0.00,0.48,1.3] 	T: 1:54(m:s)	Est remain: 7:36(h:m)
Score ([min, mean, max] over agents) for ep. 11: [0.07,0.56,1.2] 	T: 1:40(m:s)	Est remain: 6:38(h:m)
Score ([min, mean, max] over agents) for ep. 12: [0.20,0.58,1.0] 	T: 1:39(m:s)	Est remain: 6:34(h:m)
Score ([min, mean, max] over agents) for ep. 13: [0.00,0.26,0.8] 	T: 1:44(m:s)	Est remain: 6:52(h:m)
Score ([min, mean, max] over agents) for ep. 14: [0.00,0.47,1.6] 	T: 1:41(m:s)	Est remain: 6:38(h:m)
Score ([min, mean, max] over agents) for ep. 15: [0.06,0.39,1.3] 	T: 1:41(m:s)	Est remain: 6:36(h:m)
Score ([min, mean, max] over agents) for ep. 16: [0.04,0.38,1.1] 	T: 1:45(m:s)	Est remain: 6:50(h:m)
Score ([min, mean, max] over agents) for ep. 17: [0.14,0.50,1.0] 	T: 1:43(m:s)	Est remain: 6:38(h:m)
Score ([min, mean, max] over agents) for ep. 18: [0.15,0.45,1.0] 	T: 1:39(m:s)	Est remain: 6:25(h:m)
Score ([min, mean, max] over agents) for ep. 19: [0.06,0.38,0.9] 	T: 1:41(m:s)	Est remain: 6:30(h:m)
Score ([min, mean, max] over agents) for ep. 20: [0.00,0.45,1.1] 	T: 1:39(m:s)	Est remain: 6:20(h:m)
Score ([min, mean, max] over agents) for ep. 21: [0.00,0.51,1.1] 	T: 1:40(m:s)	Est remain: 6:23(h:m)
Score ([min, mean, max] over agents) for ep. 22: [0.08,0.61,1.5] 	T: 1:42(m:s)	Est remain: 6:27(h:m)
Score ([min, mean, max] over agents) for ep. 23: [0.04,0.34,0.9] 	T: 1:41(m:s)	Est remain: 6:23(h:m)
Score ([min, mean, max] over agents) for ep. 24: [0.15,0.72,1.5] 	T: 1:39(m:s)	Est remain: 6:12(h:m)
Score ([min, mean, max] over agents) for ep. 25: [0.08,0.50,0.9] 	T: 1:44(m:s)	Est remain: 6:30(h:m)
Score ([min, mean, max] over agents) for ep. 26: [0.03,0.51,1.5] 	T: 1:51(m:s)	Est remain: 6:55(h:m)
Score ([min, mean, max] over agents) for ep. 27: [0.00,0.59,1.2] 	T: 1:52(m:s)	Est remain: 6:57(h:m)
Score ([min, mean, max] over agents) for ep. 28: [0.00,0.37,0.9] 	T: 1:51(m:s)	Est remain: 6:51(h:m)
Score ([min, mean, max] over agents) for ep. 29: [0.06,0.52,1.3] 	T: 1:52(m:s)	Est remain: 6:53(h:m)
Score ([min, mean, max] over agents) for ep. 30: [0.12,0.49,1.0] 	T: 1:51(m:s)	Est remain: 6:49(h:m)
Score ([min, mean, max] over agents) for ep. 31: [0.00,0.43,1.1] 	T: 1:53(m:s)	Est remain: 6:52(h:m)
Score ([min, mean, max] over agents) for ep. 32: [0.00,0.52,1.4] 	T: 1:52(m:s)	Est remain: 6:48(h:m)
Score ([min, mean, max] over agents) for ep. 33: [0.09,0.49,1.2] 	T: 1:51(m:s)	Est remain: 6:41(h:m)
Score ([min, mean, max] over agents) for ep. 34: [0.00,0.44,1.7] 	T: 1:52(m:s)	Est remain: 6:43(h:m)
Score ([min, mean, max] over agents) for ep. 35: [0.05,0.39,0.7] 	T: 1:52(m:s)	Est remain: 6:43(h:m)
Score ([min, mean, max] over agents) for ep. 36: [0.06,0.34,1.1] 	T: 1:43(m:s)	Est remain: 6:09(h:m)
Score ([min, mean, max] over agents) for ep. 37: [0.04,0.37,1.2] 	T: 1:41(m:s)	Est remain: 6:00(h:m)
Score ([min, mean, max] over agents) for ep. 38: [0.07,0.34,0.8] 	T: 1:41(m:s)	Est remain: 5:59(h:m)
Score ([min, mean, max] over agents) for ep. 39: [0.03,0.33,0.9] 	T: 1:43(m:s)	Est remain: 6:01(h:m)
Score ([min, mean, max] over agents) for ep. 40: [0.10,0.57,1.3] 	T: 1:42(m:s)	Est remain: 5:58(h:m)
Score ([min, mean, max] over agents) for ep. 41: [0.00,0.52,1.5] 	T: 1:39(m:s)	Est remain: 5:46(h:m)
Score ([min, mean, max] over agents) for ep. 42: [0.00,0.53,2.1] 	T: 1:40(m:s)	Est remain: 5:48(h:m)
Score ([min, mean, max] over agents) for ep. 43: [0.18,0.50,1.2] 	T: 1:39(m:s)	Est remain: 5:43(h:m)
Score ([min, mean, max] over agents) for ep. 44: [0.00,0.48,1.1] 	T: 1:40(m:s)	Est remain: 5:44(h:m)
Score ([min, mean, max] over agents) for ep. 45: [0.00,0.33,0.7] 	T: 1:40(m:s)	Est remain: 5:41(h:m)
Score ([min, mean, max] over agents) for ep. 46: [0.08,0.36,1.0] 	T: 1:40(m:s)	Est remain: 5:41(h:m)
Score ([min, mean, max] over agents) for ep. 47: [0.00,0.28,0.9] 	T: 1:39(m:s)	Est remain: 5:35(h:m)
Score ([min, mean, max] over agents) for ep. 48: [0.00,0.34,0.8] 	T: 1:41(m:s)	Est remain: 5:40(h:m)
Score ([min, mean, max] over agents) for ep. 49: [0.08,0.47,2.0] 	T: 1:38(m:s)	Est remain: 5:30(h:m)
Score ([min, mean, max] over agents) for ep. 50: [0.03,0.41,1.6] 	T: 1:40(m:s)	Est remain: 5:34(h:m)
Score ([min, mean, max] over agents) for ep. 51: [0.00,0.38,1.1] 	T: 1:39(m:s)	Est remain: 5:27(h:m)
Score ([min, mean, max] over agents) for ep. 52: [0.02,0.42,1.0] 	T: 1:41(m:s)	Est remain: 5:32(h:m)
Score ([min, mean, max] over agents) for ep. 53: [0.00,0.30,0.9] 	T: 1:40(m:s)	Est remain: 5:27(h:m)
Score ([min, mean, max] over agents) for ep. 54: [0.02,0.31,0.6] 	T: 1:46(m:s)	Est remain: 5:45(h:m)